-------------------------------------------------------------------------------
Test set: TestSuite
-------------------------------------------------------------------------------
Tests run: 1, Failures: 1, Errors: 0, Skipped: 0, Time elapsed: 0.619 s <<< FAILURE! - in TestSuite
onliner.tests.runner.TestRunner.runScenario["Check filters in TV page", "Check filters in Catalog"](1)  Time elapsed: 0.067 s  <<< FAILURE!
io.cucumber.testng.UndefinedStepException: 
The step 'Onliner Main page is opened' and 10 other step(s) are undefined.
You can implement these steps using the snippet(s) below:

@Given("Onliner Main page is opened")
public void onliner_main_page_is_opened() {
    // Write code here that turns the phrase above into concrete actions
    throw new io.cucumber.java.PendingException();
}
@When("I will go to the Catalog menu point")
public void i_will_go_to_the_catalog_menu_point() {
    // Write code here that turns the phrase above into concrete actions
    throw new io.cucumber.java.PendingException();
}
@When("Catalog page is opened")
public void catalog_page_is_opened() {
    // Write code here that turns the phrase above into concrete actions
    throw new io.cucumber.java.PendingException();
}
@When("I navigate to TV page through menu")
public void i_navigate_to_tv_page_through_menu() {
    // Write code here that turns the phrase above into concrete actions
    throw new io.cucumber.java.PendingException();
}
@When("TV page is opened")
public void tv_page_is_opened() {
    // Write code here that turns the phrase above into concrete actions
    throw new io.cucumber.java.PendingException();
}
@Given("TV page is opened")
public void tv_page_is_opened() {
    // Write code here that turns the phrase above into concrete actions
    throw new io.cucumber.java.PendingException();
}
@When("I select {string} in the Manufacturer section")
public void i_select_in_the_manufacturer_section(String string) {
    // Write code here that turns the phrase above into concrete actions
    throw new io.cucumber.java.PendingException();
}
@When("I enter {string} in the max price field")
public void i_enter_in_the_max_price_field(String string) {
    // Write code here that turns the phrase above into concrete actions
    throw new io.cucumber.java.PendingException();
}
@When("I select {string} and {string} in the Diagonal section")
public void i_select_and_in_the_diagonal_section(String string, String string2) {
    // Write code here that turns the phrase above into concrete actions
    throw new io.cucumber.java.PendingException();
}
@When("I select {string} in the Resolution section")
public void i_select_in_the_resolution_section(String string) {
    // Write code here that turns the phrase above into concrete actions
    throw new io.cucumber.java.PendingException();
}
@Then("Required products are displayed according to the filter parameters")
public void required_products_are_displayed_according_to_the_filter_parameters() {
    // Write code here that turns the phrase above into concrete actions
    throw new io.cucumber.java.PendingException();
}

	at onliner.tests.runner.TestRunner.runScenario(TestRunner.java:13)

