<?xml version="1.0" encoding="UTF-8"?>
<testsuite xmlns:xsi="http://www.w3.org/2001/XMLSchema-instance" xsi:noNamespaceSchemaLocation="https://maven.apache.org/surefire/maven-surefire-plugin/xsd/surefire-test-report-3.0.xsd" version="3.0" name="TestSuite" time="0.619" tests="1" errors="0" skipped="0" failures="1">
  <properties>
[...]
</properties>
  <testcase name="runScenario[&quot;Check filters in TV page&quot;, &quot;Check filters in Catalog&quot;](1)" classname="onliner.tests.runner.TestRunner" time="0.067">
    <failure message="The step &apos;Onliner Main page is opened&apos; and 10 other step(s) are undefined.&#10;You can implement these steps using the snippet(s) below:&#10;&#10;@Given(&quot;Onliner Main page is opened&quot;)&#10;public void onliner_main_page_is_opened() {&#10;    // Write code here that turns the phrase above into concrete actions&#10;    throw new io.cucumber.java.PendingException();&#10;}&#10;@When(&quot;I will go to the Catalog menu point&quot;)&#10;public void i_will_go_to_the_catalog_menu_point() {&#10;    // Write code here that turns the phrase above into concrete actions&#10;    throw new io.cucumber.java.PendingException();&#10;}&#10;@When(&quot;Catalog page is opened&quot;)&#10;public void catalog_page_is_opened() {&#10;    // Write code here that turns the phrase above into concrete actions&#10;    throw new io.cucumber.java.PendingException();&#10;}&#10;@When(&quot;I navigate to TV page through menu&quot;)&#10;public void i_navigate_to_tv_page_through_menu() {&#10;    // Write code here that turns the phrase above into concrete actions&#10;    throw new io.cucumber.java.PendingException();&#10;}&#10;@When(&quot;TV page is opened&quot;)&#10;public void tv_page_is_opened() {&#10;    // Write code here that turns the phrase above into concrete actions&#10;    throw new io.cucumber.java.PendingException();&#10;}&#10;@Given(&quot;TV page is opened&quot;)&#10;public void tv_page_is_opened() {&#10;    // Write code here that turns the phrase above into concrete actions&#10;    throw new io.cucumber.java.PendingException();&#10;}&#10;@When(&quot;I select {string} in the Manufacturer section&quot;)&#10;public void i_select_in_the_manufacturer_section(String string) {&#10;    // Write code here that turns the phrase above into concrete actions&#10;    throw new io.cucumber.java.PendingException();&#10;}&#10;@When(&quot;I enter {string} in the max price field&quot;)&#10;public void i_enter_in_the_max_price_field(String string) {&#10;    // Write code here that turns the phrase above into concrete actions&#10;    throw new io.cucumber.java.PendingException();&#10;}&#10;@When(&quot;I select {string} and {string} in the Diagonal section&quot;)&#10;public void i_select_and_in_the_diagonal_section(String string, String string2) {&#10;    // Write code here that turns the phrase above into concrete actions&#10;    throw new io.cucumber.java.PendingException();&#10;}&#10;@When(&quot;I select {string} in the Resolution section&quot;)&#10;public void i_select_in_the_resolution_section(String string) {&#10;    // Write code here that turns the phrase above into concrete actions&#10;    throw new io.cucumber.java.PendingException();&#10;}&#10;@Then(&quot;Required products are displayed according to the filter parameters&quot;)&#10;public void required_products_are_displayed_according_to_the_filter_parameters() {&#10;    // Write code here that turns the phrase above into concrete actions&#10;    throw new io.cucumber.java.PendingException();&#10;}&#10;" type="io.cucumber.testng.UndefinedStepException"><![CDATA[io.cucumber.testng.UndefinedStepException: 
The step 'Onliner Main page is opened' and 10 other step(s) are undefined.
You can implement these steps using the snippet(s) below:

@Given("Onliner Main page is opened")
public void onliner_main_page_is_opened() {
    // Write code here that turns the phrase above into concrete actions
    throw new io.cucumber.java.PendingException();
}
@When("I will go to the Catalog menu point")
public void i_will_go_to_the_catalog_menu_point() {
    // Write code here that turns the phrase above into concrete actions
    throw new io.cucumber.java.PendingException();
}
@When("Catalog page is opened")
public void catalog_page_is_opened() {
    // Write code here that turns the phrase above into concrete actions
    throw new io.cucumber.java.PendingException();
}
@When("I navigate to TV page through menu")
public void i_navigate_to_tv_page_through_menu() {
    // Write code here that turns the phrase above into concrete actions
    throw new io.cucumber.java.PendingException();
}
@When("TV page is opened")
public void tv_page_is_opened() {
    // Write code here that turns the phrase above into concrete actions
    throw new io.cucumber.java.PendingException();
}
@Given("TV page is opened")
public void tv_page_is_opened() {
    // Write code here that turns the phrase above into concrete actions
    throw new io.cucumber.java.PendingException();
}
@When("I select {string} in the Manufacturer section")
public void i_select_in_the_manufacturer_section(String string) {
    // Write code here that turns the phrase above into concrete actions
    throw new io.cucumber.java.PendingException();
}
@When("I enter {string} in the max price field")
public void i_enter_in_the_max_price_field(String string) {
    // Write code here that turns the phrase above into concrete actions
    throw new io.cucumber.java.PendingException();
}
@When("I select {string} and {string} in the Diagonal section")
public void i_select_and_in_the_diagonal_section(String string, String string2) {
    // Write code here that turns the phrase above into concrete actions
    throw new io.cucumber.java.PendingException();
}
@When("I select {string} in the Resolution section")
public void i_select_in_the_resolution_section(String string) {
    // Write code here that turns the phrase above into concrete actions
    throw new io.cucumber.java.PendingException();
}
@Then("Required products are displayed according to the filter parameters")
public void required_products_are_displayed_according_to_the_filter_parameters() {
    // Write code here that turns the phrase above into concrete actions
    throw new io.cucumber.java.PendingException();
}

	at onliner.tests.runner.TestRunner.runScenario(TestRunner.java:13)
]]></failure>
  </testcase>
</testsuite>