<?xml version="1.0" encoding="UTF-8"?>
<testsuite xmlns:xsi="http://www.w3.org/2001/XMLSchema-instance" xsi:noNamespaceSchemaLocation="https://maven.apache.org/surefire/maven-surefire-plugin/xsd/surefire-test-report-3.0.xsd" version="3.0" name="TestSuite" time="8.308" tests="1" errors="0" skipped="0" failures="1">
  <properties>
[...]
</properties>
  <testcase name="xTest" classname="onliner.tests.forExperiments" time="6.391">
    <failure message="invalid selector: Unable to locate an element with the xpath expression [[ChromeDriver: chrome on WINDOWS (d64d0186b62bebb1cd52f2b5755d8a6d)] -&gt; xpath: //div[@class=&apos;schema-product__title&apos;]//span[@data-bind=&apos;html: product.extended_name || product.full_name&apos;]] because of the following error:&#10;SyntaxError: Failed to execute &apos;evaluate&apos; on &apos;Document&apos;: The string &apos;[[ChromeDriver: chrome on WINDOWS (d64d0186b62bebb1cd52f2b5755d8a6d)] -&gt; xpath: //div[@class=&apos;schema-product__title&apos;]//span[@data-bind=&apos;html: product.extended_name || product.full_name&apos;]]&apos; is not a valid XPath expression.&#10;  (Session info: chrome=102.0.5005.115)&#10;For documentation on this error, please visit: https://selenium.dev/exceptions/#invalid_selector_exception&#10;Build info: version: &apos;4.2.1&apos;, revision: &apos;ac4d0fdd4a&apos;&#10;System info: host: &apos;WSA-057-23&apos;, ip: &apos;192.168.170.57&apos;, os.name: &apos;Windows 10&apos;, os.arch: &apos;amd64&apos;, os.version: &apos;10.0&apos;, java.version: &apos;17.0.1&apos;&#10;Driver info: org.openqa.selenium.chrome.ChromeDriver&#10;Command: [d64d0186b62bebb1cd52f2b5755d8a6d, findElements {using=xpath, value=[[ChromeDriver: chrome on WINDOWS (d64d0186b62bebb1cd52f2b5755d8a6d)] -&gt; xpath: //div[@class=&apos;schema-product__title&apos;]//span[@data-bind=&apos;html: product.extended_name || product.full_name&apos;]]}]&#10;Capabilities {acceptInsecureCerts: false, browserName: chrome, browserVersion: 102.0.5005.115, chrome: {chromedriverVersion: 102.0.5005.61 (0e59bcc00cc4..., userDataDir: C:\Users\ILYA~1.SHA\AppData...}, goog:chromeOptions: {debuggerAddress: localhost:51419}, networkConnectionEnabled: false, pageLoadStrategy: normal, platformName: WINDOWS, proxy: Proxy(), se:cdp: ws://localhost:51419/devtoo..., se:cdpVersion: 102.0.5005.115, setWindowRect: true, strictFileInteractability: false, timeouts: {implicit: 0, pageLoad: 300000, script: 30000}, unhandledPromptBehavior: dismiss and notify, webauthn:extension:credBlob: true, webauthn:extension:largeBlob: true, webauthn:virtualAuthenticators: true}&#10;Session ID: d64d0186b62bebb1cd52f2b5755d8a6d" type="org.openqa.selenium.InvalidSelectorException"><![CDATA[org.openqa.selenium.InvalidSelectorException: 
invalid selector: Unable to locate an element with the xpath expression [[ChromeDriver: chrome on WINDOWS (d64d0186b62bebb1cd52f2b5755d8a6d)] -> xpath: //div[@class='schema-product__title']//span[@data-bind='html: product.extended_name || product.full_name']] because of the following error:
SyntaxError: Failed to execute 'evaluate' on 'Document': The string '[[ChromeDriver: chrome on WINDOWS (d64d0186b62bebb1cd52f2b5755d8a6d)] -> xpath: //div[@class='schema-product__title']//span[@data-bind='html: product.extended_name || product.full_name']]' is not a valid XPath expression.
  (Session info: chrome=102.0.5005.115)
For documentation on this error, please visit: https://selenium.dev/exceptions/#invalid_selector_exception
Build info: version: '4.2.1', revision: 'ac4d0fdd4a'
System info: host: 'WSA-057-23', ip: '192.168.170.57', os.name: 'Windows 10', os.arch: 'amd64', os.version: '10.0', java.version: '17.0.1'
Driver info: org.openqa.selenium.chrome.ChromeDriver
Command: [d64d0186b62bebb1cd52f2b5755d8a6d, findElements {using=xpath, value=[[ChromeDriver: chrome on WINDOWS (d64d0186b62bebb1cd52f2b5755d8a6d)] -> xpath: //div[@class='schema-product__title']//span[@data-bind='html: product.extended_name || product.full_name']]}]
Capabilities {acceptInsecureCerts: false, browserName: chrome, browserVersion: 102.0.5005.115, chrome: {chromedriverVersion: 102.0.5005.61 (0e59bcc00cc4..., userDataDir: C:\Users\ILYA~1.SHA\AppData...}, goog:chromeOptions: {debuggerAddress: localhost:51419}, networkConnectionEnabled: false, pageLoadStrategy: normal, platformName: WINDOWS, proxy: Proxy(), se:cdp: ws://localhost:51419/devtoo..., se:cdpVersion: 102.0.5005.115, setWindowRect: true, strictFileInteractability: false, timeouts: {implicit: 0, pageLoad: 300000, script: 30000}, unhandledPromptBehavior: dismiss and notify, webauthn:extension:credBlob: true, webauthn:extension:largeBlob: true, webauthn:virtualAuthenticators: true}
Session ID: d64d0186b62bebb1cd52f2b5755d8a6d
	at onliner.tests.forExperiments.runTest(forExperiments.java:23)
]]></failure>
    <system-err><![CDATA[[main] INFO io.github.bonigarcia.wdm.WebDriverManager - Using chromedriver 102.0.5005.61 (resolved driver for Chrome 102)
[main] INFO io.github.bonigarcia.wdm.WebDriverManager - Exporting webdriver.chrome.driver as C:\Users\ilya.shalyha\.cache\selenium\chromedriver\win32\102.0.5005.61\chromedriver.exe
Starting ChromeDriver 102.0.5005.61 (0e59bcc00cc4985ce39ad31c150065f159d95ad3-refs/branch-heads/5005@{#819}) on port 51004
Only local connections are allowed.
Please see https://chromedriver.chromium.org/security-considerations for suggestions on keeping ChromeDriver safe.
ChromeDriver was started successfully.
Jun 20, 2022 5:01:58 PM org.openqa.selenium.remote.ProtocolHandshake createSession
INFO: Detected upstream dialect: W3C
Jun 20, 2022 5:01:58 PM org.openqa.selenium.devtools.CdpVersionFinder findNearestMatch
INFO: Found exact CDP implementation for version 102
]]></system-err>
  </testcase>
</testsuite>